Started GET "/drinks/new" for 127.0.0.1 at 2018-11-16 19:40:17 +0700
  [1m[35m (18.4ms)[0m  [1m[34mSELECT "schema_migrations"."version" FROM "schema_migrations" ORDER BY "schema_migrations"."version" ASC[0m
  ↳ /home/ndp/.rvm/gems/ruby-2.5.1/gems/activerecord-5.2.1/lib/active_record/log_subscriber.rb:98
  
ActionController::RoutingError (No route matches [GET] "/drinks/new"):
  
actionpack (5.2.1) lib/action_dispatch/middleware/debug_exceptions.rb:65:in `call'
web-console (3.7.0) lib/web_console/middleware.rb:135:in `call_app'
web-console (3.7.0) lib/web_console/middleware.rb:30:in `block in call'
web-console (3.7.0) lib/web_console/middleware.rb:20:in `catch'
web-console (3.7.0) lib/web_console/middleware.rb:20:in `call'
actionpack (5.2.1) lib/action_dispatch/middleware/show_exceptions.rb:33:in `call'
railties (5.2.1) lib/rails/rack/logger.rb:38:in `call_app'
railties (5.2.1) lib/rails/rack/logger.rb:26:in `block in call'
activesupport (5.2.1) lib/active_support/tagged_logging.rb:71:in `block in tagged'
activesupport (5.2.1) lib/active_support/tagged_logging.rb:28:in `tagged'
activesupport (5.2.1) lib/active_support/tagged_logging.rb:71:in `tagged'
railties (5.2.1) lib/rails/rack/logger.rb:26:in `call'
sprockets-rails (3.2.1) lib/sprockets/rails/quiet_assets.rb:13:in `call'
actionpack (5.2.1) lib/action_dispatch/middleware/remote_ip.rb:81:in `call'
actionpack (5.2.1) lib/action_dispatch/middleware/request_id.rb:27:in `call'
rack (2.0.6) lib/rack/method_override.rb:22:in `call'
rack (2.0.6) lib/rack/runtime.rb:22:in `call'
activesupport (5.2.1) lib/active_support/cache/strategy/local_cache_middleware.rb:29:in `call'
actionpack (5.2.1) lib/action_dispatch/middleware/executor.rb:14:in `call'
actionpack (5.2.1) lib/action_dispatch/middleware/static.rb:127:in `call'
rack (2.0.6) lib/rack/sendfile.rb:111:in `call'
railties (5.2.1) lib/rails/engine.rb:524:in `call'
puma (3.12.0) lib/puma/configuration.rb:225:in `call'
puma (3.12.0) lib/puma/server.rb:658:in `handle_request'
puma (3.12.0) lib/puma/server.rb:472:in `process_client'
puma (3.12.0) lib/puma/server.rb:332:in `block in run'
puma (3.12.0) lib/puma/thread_pool.rb:133:in `block in spawn_thread'
Started GET "/mahasiswas" for 127.0.0.1 at 2018-11-16 19:40:23 +0700
Processing by MahasiswasController#index as HTML
  Rendering mahasiswas/index.html.erb within layouts/application
  [1m[36mMahasiswa Load (209.1ms)[0m  [1m[34mSELECT "mahasiswas".* FROM "mahasiswas"[0m
  ↳ app/views/mahasiswas/index.html.erb:16
  Rendered mahasiswas/index.html.erb within layouts/application (275.0ms)
Completed 500 Internal Server Error in 462ms (ActiveRecord: 236.6ms)


  
ActionView::Template::Error (couldn't find file 'jquery3' with type 'text/css'
Checked in these paths: 
  /home/ndp/blog2/ruby/app/assets/config
  /home/ndp/blog2/ruby/app/assets/images
  /home/ndp/blog2/ruby/app/assets/javascripts
  /home/ndp/blog2/ruby/app/assets/stylesheets
  /home/ndp/.rvm/gems/ruby-2.5.1/gems/jquery-rails-4.3.3/vendor/assets/javascripts
  /home/ndp/.rvm/gems/ruby-2.5.1/gems/coffee-rails-4.2.2/lib/assets/javascripts
  /home/ndp/.rvm/gems/ruby-2.5.1/gems/actioncable-5.2.1/lib/assets/compiled
  /home/ndp/.rvm/gems/ruby-2.5.1/gems/activestorage-5.2.1/app/assets/javascripts
  /home/ndp/.rvm/gems/ruby-2.5.1/gems/actionview-5.2.1/lib/assets/compiled
  /home/ndp/.rvm/gems/ruby-2.5.1/gems/turbolinks-source-5.2.0/lib/assets/javascripts
  /home/ndp/blog2/ruby/node_modules
  /home/ndp/.rvm/gems/ruby-2.5.1/gems/bootstrap-sass-3.3.7/assets/stylesheets
  /home/ndp/.rvm/gems/ruby-2.5.1/gems/bootstrap-sass-3.3.7/assets/javascripts
  /home/ndp/.rvm/gems/ruby-2.5.1/gems/bootstrap-sass-3.3.7/assets/fonts
  /home/ndp/.rvm/gems/ruby-2.5.1/gems/bootstrap-sass-3.3.7/assets/images):
     5:     <%= csrf_meta_tags %>
     6:     <%= csp_meta_tag %>
     7: 
     8:     <%= stylesheet_link_tag    'application', media: 'all', 'data-turbolinks-track': 'reload' %>
     9:     <%= javascript_include_tag 'application', 'data-turbolinks-track': 'reload' %>
    10:   </head>
    11: 
  
app/assets/stylesheets/application.css:13
app/views/layouts/application.html.erb:8:in `_app_views_layouts_application_html_erb__3386099589240708578_70355490514400'
Started GET "/mahasiswas" for 127.0.0.1 at 2018-11-16 19:44:08 +0700
  [1m[35m (0.6ms)[0m  [1m[34mSELECT "schema_migrations"."version" FROM "schema_migrations" ORDER BY "schema_migrations"."version" ASC[0m
  ↳ /home/ndp/.rvm/gems/ruby-2.5.1/gems/activerecord-5.2.1/lib/active_record/log_subscriber.rb:98
Processing by MahasiswasController#index as HTML
  Rendering mahasiswas/index.html.erb within layouts/application
  [1m[36mMahasiswa Load (0.6ms)[0m  [1m[34mSELECT "mahasiswas".* FROM "mahasiswas"[0m
  ↳ app/views/mahasiswas/index.html.erb:16
  Rendered mahasiswas/index.html.erb within layouts/application (24.2ms)
Completed 200 OK in 4386ms (Views: 4372.5ms | ActiveRecord: 4.5ms)


Started GET "/mahasiswas" for 127.0.0.1 at 2018-11-16 19:46:37 +0700
Processing by MahasiswasController#index as HTML
  Rendering mahasiswas/index.html.erb within layouts/application
  [1m[36mMahasiswa Load (1.1ms)[0m  [1m[34mSELECT "mahasiswas".* FROM "mahasiswas"[0m
  ↳ app/views/mahasiswas/index.html.erb:14
  Rendered mahasiswas/index.html.erb within layouts/application (3.6ms)
Completed 200 OK in 63ms (Views: 60.6ms | ActiveRecord: 1.1ms)


Started GET "/mahasiswas/new" for 127.0.0.1 at 2018-11-16 19:48:34 +0700
Processing by MahasiswasController#new as HTML
  Rendering mahasiswas/new.html.erb within layouts/application
  Rendered mahasiswas/_form.html.erb (84.2ms)
  Rendered mahasiswas/new.html.erb within layouts/application (85.8ms)
Completed 200 OK in 158ms (Views: 156.0ms | ActiveRecord: 0.0ms)


Started GET "/mahasiswas/" for 127.0.0.1 at 2018-11-16 19:51:42 +0700
Processing by MahasiswasController#index as HTML
  Rendering mahasiswas/index.html.erb within layouts/application
  [1m[36mMahasiswa Load (0.4ms)[0m  [1m[34mSELECT "mahasiswas".* FROM "mahasiswas"[0m
  ↳ app/views/mahasiswas/index.html.erb:14
  Rendered mahasiswas/index.html.erb within layouts/application (2.4ms)
Completed 200 OK in 69ms (Views: 67.3ms | ActiveRecord: 0.4ms)


Started GET "/mahasiswas/new" for 127.0.0.1 at 2018-11-16 19:51:44 +0700
Processing by MahasiswasController#new as HTML
  Rendering mahasiswas/new.html.erb within layouts/application
  Rendered mahasiswas/_form.html.erb (1.4ms)
  Rendered mahasiswas/new.html.erb within layouts/application (3.0ms)
Completed 500 Internal Server Error in 7ms (ActiveRecord: 0.0ms)


  
SyntaxError (/home/ndp/blog2/ruby/app/views/mahasiswas/_form.html.erb:30: syntax error, unexpected tLABEL, expecting '='
...er.append=( form.submit, class: "btn btn-primary" );@output_...
...                         ^~~~~~):
  
app/views/mahasiswas/_form.html.erb:30: syntax error, unexpected tLABEL, expecting '='
app/views/mahasiswas/new.html.erb:3:in `_app_views_mahasiswas_new_html_erb___3048969601911802464_70094631558240'
Started GET "/mahasiswas/" for 127.0.0.1 at 2018-11-16 19:56:44 +0700
Processing by MahasiswasController#index as HTML
  Rendering mahasiswas/index.html.erb within layouts/application
  [1m[36mMahasiswa Load (0.4ms)[0m  [1m[34mSELECT "mahasiswas".* FROM "mahasiswas"[0m
  ↳ app/views/mahasiswas/index.html.erb:14
  Rendered mahasiswas/index.html.erb within layouts/application (3.1ms)
Completed 200 OK in 82ms (Views: 79.8ms | ActiveRecord: 0.4ms)


Started GET "/mahasiswas/new" for 127.0.0.1 at 2018-11-16 19:56:46 +0700
Processing by MahasiswasController#new as HTML
  Rendering mahasiswas/new.html.erb within layouts/application
  Rendered mahasiswas/_form.html.erb (1.4ms)
  Rendered mahasiswas/new.html.erb within layouts/application (3.1ms)
Completed 500 Internal Server Error in 7ms (ActiveRecord: 0.0ms)


  
SyntaxError (/home/ndp/blog2/ruby/app/views/mahasiswas/_form.html.erb:30: syntax error, unexpected tLABEL, expecting '='
...er.append=( form.submit, class: "btn btn-primary" );@output_...
...                         ^~~~~~):
  
app/views/mahasiswas/_form.html.erb:30: syntax error, unexpected tLABEL, expecting '='
app/views/mahasiswas/new.html.erb:3:in `_app_views_mahasiswas_new_html_erb___3048969601911802464_70094637915980'
Started GET "/mahasiswas/" for 127.0.0.1 at 2018-11-16 19:57:54 +0700
Processing by MahasiswasController#index as HTML
  Rendering mahasiswas/index.html.erb within layouts/application
  [1m[36mMahasiswa Load (1.0ms)[0m  [1m[34mSELECT "mahasiswas".* FROM "mahasiswas"[0m
  ↳ app/views/mahasiswas/index.html.erb:14
  Rendered mahasiswas/index.html.erb within layouts/application (6.2ms)
Completed 200 OK in 83ms (Views: 80.2ms | ActiveRecord: 1.0ms)


Started GET "/mahasiswas/new" for 127.0.0.1 at 2018-11-16 19:57:56 +0700
Processing by MahasiswasController#new as HTML
  Rendering mahasiswas/new.html.erb within layouts/application
  Rendered mahasiswas/_form.html.erb (1.1ms)
  Rendered mahasiswas/new.html.erb within layouts/application (2.4ms)
Completed 500 Internal Server Error in 6ms (ActiveRecord: 0.0ms)


  
SyntaxError (/home/ndp/blog2/ruby/app/views/mahasiswas/_form.html.erb:30: syntax error, unexpected tLABEL
...;@output_buffer.append=( class:'btn btn-primary', type: 'sub...
...                         ^~~~~~
/home/ndp/blog2/ruby/app/views/mahasiswas/_form.html.erb:30: syntax error, unexpected ',', expecting ')'
...pend=( class:'btn btn-primary', type: 'submit', value: 'crea...
...                              ^
/home/ndp/blog2/ruby/app/views/mahasiswas/_form.html.erb:30: syntax error, unexpected ',', expecting ')'
...n btn-primary', type: 'submit', value: 'create' );@output_bu...
...                              ^):
  
app/views/mahasiswas/_form.html.erb:30: syntax error, unexpected tLABEL
app/views/mahasiswas/_form.html.erb:30: syntax error, unexpected ',', expecting ')'
app/views/mahasiswas/_form.html.erb:30: syntax error, unexpected ',', expecting ')'
app/views/mahasiswas/new.html.erb:3:in `_app_views_mahasiswas_new_html_erb___3048969601911802464_70094612390220'
Started GET "/mahasiswas/new" for 127.0.0.1 at 2018-11-16 19:58:55 +0700
Processing by MahasiswasController#new as HTML
  Rendering mahasiswas/new.html.erb within layouts/application
  Rendered mahasiswas/_form.html.erb (1.3ms)
  Rendered mahasiswas/new.html.erb within layouts/application (2.8ms)
Completed 500 Internal Server Error in 6ms (ActiveRecord: 0.0ms)


  
SyntaxError (/home/ndp/blog2/ruby/app/views/mahasiswas/_form.html.erb:30: syntax error, unexpected tLABEL
...;@output_buffer.append=( class:"btn btn-primary", type: "sub...
...                         ^~~~~~
/home/ndp/blog2/ruby/app/views/mahasiswas/_form.html.erb:30: syntax error, unexpected ',', expecting ')'
...pend=( class:"btn btn-primary", type: "submit", value: "crea...
...                              ^
/home/ndp/blog2/ruby/app/views/mahasiswas/_form.html.erb:30: syntax error, unexpected ',', expecting ')'
...n btn-primary", type: "submit", value: "create" );@output_bu...
...                              ^):
  
app/views/mahasiswas/_form.html.erb:30: syntax error, unexpected tLABEL
app/views/mahasiswas/_form.html.erb:30: syntax error, unexpected ',', expecting ')'
app/views/mahasiswas/_form.html.erb:30: syntax error, unexpected ',', expecting ')'
app/views/mahasiswas/new.html.erb:3:in `_app_views_mahasiswas_new_html_erb___3048969601911802464_70094625481560'
Started GET "/mahasiswas/new" for 127.0.0.1 at 2018-11-16 19:58:59 +0700
Processing by MahasiswasController#new as HTML
  Rendering mahasiswas/new.html.erb within layouts/application
  Rendered mahasiswas/_form.html.erb (1.3ms)
  Rendered mahasiswas/new.html.erb within layouts/application (2.7ms)
Completed 500 Internal Server Error in 6ms (ActiveRecord: 0.0ms)


  
SyntaxError (/home/ndp/blog2/ruby/app/views/mahasiswas/_form.html.erb:30: syntax error, unexpected tLABEL
...;@output_buffer.append=( class:"btn btn-primary", type: "sub...
...                         ^~~~~~
/home/ndp/blog2/ruby/app/views/mahasiswas/_form.html.erb:30: syntax error, unexpected ',', expecting ')'
...pend=( class:"btn btn-primary", type: "submit", value: "crea...
...                              ^
/home/ndp/blog2/ruby/app/views/mahasiswas/_form.html.erb:30: syntax error, unexpected ',', expecting ')'
...n btn-primary", type: "submit", value: "create" );@output_bu...
...                              ^):
  
app/views/mahasiswas/_form.html.erb:30: syntax error, unexpected tLABEL
app/views/mahasiswas/_form.html.erb:30: syntax error, unexpected ',', expecting ')'
app/views/mahasiswas/_form.html.erb:30: syntax error, unexpected ',', expecting ')'
app/views/mahasiswas/new.html.erb:3:in `_app_views_mahasiswas_new_html_erb___3048969601911802464_70094634779660'
Started GET "/mahasiswas/new" for 127.0.0.1 at 2018-11-16 19:59:00 +0700
Processing by MahasiswasController#new as HTML
  Rendering mahasiswas/new.html.erb within layouts/application
  Rendered mahasiswas/_form.html.erb (1.4ms)
  Rendered mahasiswas/new.html.erb within layouts/application (3.0ms)
Completed 500 Internal Server Error in 7ms (ActiveRecord: 0.0ms)


  
SyntaxError (/home/ndp/blog2/ruby/app/views/mahasiswas/_form.html.erb:30: syntax error, unexpected tLABEL
...;@output_buffer.append=( class:"btn btn-primary", type: "sub...
...                         ^~~~~~
/home/ndp/blog2/ruby/app/views/mahasiswas/_form.html.erb:30: syntax error, unexpected ',', expecting ')'
...pend=( class:"btn btn-primary", type: "submit", value: "crea...
...                              ^
/home/ndp/blog2/ruby/app/views/mahasiswas/_form.html.erb:30: syntax error, unexpected ',', expecting ')'
...n btn-primary", type: "submit", value: "create" );@output_bu...
...                              ^):
  
app/views/mahasiswas/_form.html.erb:30: syntax error, unexpected tLABEL
app/views/mahasiswas/_form.html.erb:30: syntax error, unexpected ',', expecting ')'
app/views/mahasiswas/_form.html.erb:30: syntax error, unexpected ',', expecting ')'
app/views/mahasiswas/new.html.erb:3:in `_app_views_mahasiswas_new_html_erb___3048969601911802464_70094631776280'
Started GET "/mahasiswas/" for 127.0.0.1 at 2018-11-16 22:16:57 +0700
Processing by MahasiswasController#index as HTML
  Rendering mahasiswas/index.html.erb within layouts/application
  [1m[36mMahasiswa Load (0.7ms)[0m  [1m[34mSELECT "mahasiswas".* FROM "mahasiswas"[0m
  ↳ app/views/mahasiswas/index.html.erb:14
  Rendered mahasiswas/index.html.erb within layouts/application (3.4ms)
Completed 200 OK in 68ms (Views: 65.5ms | ActiveRecord: 0.7ms)


Started GET "/mahasiswas/new" for 127.0.0.1 at 2018-11-16 22:17:01 +0700
Processing by MahasiswasController#new as HTML
  Rendering mahasiswas/new.html.erb within layouts/application
  Rendered mahasiswas/_form.html.erb (1.0ms)
  Rendered mahasiswas/new.html.erb within layouts/application (2.4ms)
Completed 500 Internal Server Error in 6ms (ActiveRecord: 0.0ms)


  
SyntaxError (/home/ndp/blog2/ruby/app/views/mahasiswas/_form.html.erb:30: syntax error, unexpected tLABEL
...;@output_buffer.append=( class:"btn btn-primary", type: "sub...
...                         ^~~~~~
/home/ndp/blog2/ruby/app/views/mahasiswas/_form.html.erb:30: syntax error, unexpected ',', expecting ')'
...pend=( class:"btn btn-primary", type: "submit", value: "crea...
...                              ^
/home/ndp/blog2/ruby/app/views/mahasiswas/_form.html.erb:30: syntax error, unexpected ',', expecting ')'
...n btn-primary", type: "submit", value: "create" );@output_bu...
...                              ^):
  
app/views/mahasiswas/_form.html.erb:30: syntax error, unexpected tLABEL
app/views/mahasiswas/_form.html.erb:30: syntax error, unexpected ',', expecting ')'
app/views/mahasiswas/_form.html.erb:30: syntax error, unexpected ',', expecting ')'
app/views/mahasiswas/new.html.erb:3:in `_app_views_mahasiswas_new_html_erb___3048969601911802464_70094631863200'
Started GET "/mahasiswas/new" for 127.0.0.1 at 2018-11-16 22:18:17 +0700
Processing by MahasiswasController#new as HTML
  Rendering mahasiswas/new.html.erb within layouts/application
  Rendered mahasiswas/_form.html.erb (5.0ms)
  Rendered mahasiswas/new.html.erb within layouts/application (6.4ms)
Completed 200 OK in 77ms (Views: 75.4ms | ActiveRecord: 0.0ms)


Started GET "/mahasiswas/new" for 127.0.0.1 at 2018-11-16 22:21:18 +0700
Processing by MahasiswasController#new as HTML
  Rendering mahasiswas/new.html.erb within layouts/application
  Rendered mahasiswas/_form.html.erb (5.0ms)
  Rendered mahasiswas/new.html.erb within layouts/application (6.4ms)
Completed 200 OK in 81ms (Views: 79.4ms | ActiveRecord: 0.0ms)


Started GET "/mahasiswas/new" for 127.0.0.1 at 2018-11-16 22:21:19 +0700
Processing by MahasiswasController#new as HTML
  Rendering mahasiswas/new.html.erb within layouts/application
  Rendered mahasiswas/_form.html.erb (5.1ms)
  Rendered mahasiswas/new.html.erb within layouts/application (6.5ms)
Completed 200 OK in 87ms (Views: 85.9ms | ActiveRecord: 0.0ms)


Started GET "/mahasiswas/new" for 127.0.0.1 at 2018-11-16 22:22:16 +0700
Processing by MahasiswasController#new as HTML
  Rendering mahasiswas/new.html.erb within layouts/application
  Rendered mahasiswas/_form.html.erb (5.0ms)
  Rendered mahasiswas/new.html.erb within layouts/application (6.5ms)
Completed 200 OK in 65ms (Views: 63.5ms | ActiveRecord: 0.0ms)


Started GET "/mahasiswas/new" for 127.0.0.1 at 2018-11-16 22:22:18 +0700
Processing by MahasiswasController#new as HTML
  Rendering mahasiswas/new.html.erb within layouts/application
  Rendered mahasiswas/_form.html.erb (4.9ms)
  Rendered mahasiswas/new.html.erb within layouts/application (6.4ms)
Completed 200 OK in 73ms (Views: 70.8ms | ActiveRecord: 0.0ms)


Started GET "/mahasiswas/" for 127.0.0.1 at 2018-11-16 22:22:20 +0700
Processing by MahasiswasController#index as HTML
  Rendering mahasiswas/index.html.erb within layouts/application
  [1m[36mMahasiswa Load (0.5ms)[0m  [1m[34mSELECT "mahasiswas".* FROM "mahasiswas"[0m
  ↳ app/views/mahasiswas/index.html.erb:14
  Rendered mahasiswas/index.html.erb within layouts/application (3.0ms)
Completed 200 OK in 66ms (Views: 64.2ms | ActiveRecord: 0.5ms)


Started GET "/mahasiswas" for 127.0.0.1 at 2018-11-16 22:22:21 +0700
Processing by MahasiswasController#index as HTML
  Rendering mahasiswas/index.html.erb within layouts/application
  [1m[36mMahasiswa Load (0.4ms)[0m  [1m[34mSELECT "mahasiswas".* FROM "mahasiswas"[0m
  ↳ app/views/mahasiswas/index.html.erb:14
  Rendered mahasiswas/index.html.erb within layouts/application (4.5ms)
Completed 200 OK in 78ms (Views: 76.6ms | ActiveRecord: 0.4ms)


Started GET "/mahasiswas/new" for 127.0.0.1 at 2018-11-16 22:22:23 +0700
Processing by MahasiswasController#new as HTML
  Rendering mahasiswas/new.html.erb within layouts/application
  Rendered mahasiswas/_form.html.erb (5.0ms)
  Rendered mahasiswas/new.html.erb within layouts/application (6.4ms)
Completed 200 OK in 72ms (Views: 70.1ms | ActiveRecord: 0.0ms)


Started GET "/mahasiswas/new" for 127.0.0.1 at 2018-11-16 22:22:37 +0700
Processing by MahasiswasController#new as HTML
  Rendering mahasiswas/new.html.erb within layouts/application
  Rendered mahasiswas/_form.html.erb (5.5ms)
  Rendered mahasiswas/new.html.erb within layouts/application (7.0ms)
Completed 200 OK in 79ms (Views: 77.4ms | ActiveRecord: 0.0ms)


Started GET "/mahasiswas/new" for 127.0.0.1 at 2018-11-16 22:22:38 +0700
Processing by MahasiswasController#new as HTML
  Rendering mahasiswas/new.html.erb within layouts/application
  Rendered mahasiswas/_form.html.erb (5.7ms)
  Rendered mahasiswas/new.html.erb within layouts/application (7.2ms)
Completed 200 OK in 79ms (Views: 77.6ms | ActiveRecord: 0.0ms)


Started GET "/mahasiswas/new" for 127.0.0.1 at 2018-11-16 22:22:52 +0700
Processing by MahasiswasController#new as HTML
  Rendering mahasiswas/new.html.erb within layouts/application
  Rendered mahasiswas/_form.html.erb (4.1ms)
  Rendered mahasiswas/new.html.erb within layouts/application (5.8ms)
Completed 200 OK in 74ms (Views: 72.8ms | ActiveRecord: 0.0ms)


Started GET "/mahasiswas/new" for 127.0.0.1 at 2018-11-16 22:25:09 +0700
Processing by MahasiswasController#new as HTML
  Rendering mahasiswas/new.html.erb within layouts/application
  Rendered mahasiswas/_form.html.erb (308.5ms)
  Rendered mahasiswas/new.html.erb within layouts/application (309.6ms)
Completed 500 Internal Server Error in 314ms (ActiveRecord: 0.0ms)


  
ActionView::Template::Error (undefined local variable or method `f' for #<#<Class:0x000055ff9d0b6218>:0x00007f805bf128a8>):
    23: 
    24:   <div class="form group">
    25:     <%= form.label :tanggal %>
    26:     <%= f.text_field :tanggal, class: "date datepicker" %>
    27:   </div>
    28: 
    29:   <div class="actions">
  
app/views/mahasiswas/_form.html.erb:26:in `block in _app_views_mahasiswas__form_html_erb__4221635587865880705_70094637519100'
app/views/mahasiswas/_form.html.erb:1:in `_app_views_mahasiswas__form_html_erb__4221635587865880705_70094637519100'
app/views/mahasiswas/new.html.erb:3:in `_app_views_mahasiswas_new_html_erb___3048969601911802464_70094637537680'
Started GET "/mahasiswas/new" for 127.0.0.1 at 2018-11-16 22:25:22 +0700
Processing by MahasiswasController#new as HTML
  Rendering mahasiswas/new.html.erb within layouts/application
  Rendered mahasiswas/_form.html.erb (360.7ms)
  Rendered mahasiswas/new.html.erb within layouts/application (361.9ms)
Completed 500 Internal Server Error in 367ms (ActiveRecord: 0.0ms)


  
ActionView::Template::Error (undefined local variable or method `f' for #<#<Class:0x000055ff9d0b6218>:0x00007f805be29180>):
    23: 
    24:   <div class="form group">
    25:     <%= form.label :tanggal %>
    26:     <%= f.text_field :tanggal, class: "datepicker" %>
    27:   </div>
    28: 
    29:   <div class="actions">
  
app/views/mahasiswas/_form.html.erb:26:in `block in _app_views_mahasiswas__form_html_erb__4221635587865880705_70094637028920'
app/views/mahasiswas/_form.html.erb:1:in `_app_views_mahasiswas__form_html_erb__4221635587865880705_70094637028920'
app/views/mahasiswas/new.html.erb:3:in `_app_views_mahasiswas_new_html_erb___3048969601911802464_70094637059400'
Started GET "/mahasiswas/new" for 127.0.0.1 at 2018-11-16 22:25:51 +0700
Processing by MahasiswasController#new as HTML
  Rendering mahasiswas/new.html.erb within layouts/application
  Rendered mahasiswas/_form.html.erb (3.4ms)
  Rendered mahasiswas/new.html.erb within layouts/application (6.3ms)
Completed 200 OK in 76ms (Views: 74.4ms | ActiveRecord: 0.0ms)


Started GET "/mahasiswas/new" for 127.0.0.1 at 2018-11-16 22:27:26 +0700
Processing by MahasiswasController#new as HTML
  Rendering mahasiswas/new.html.erb within layouts/application
  Rendered mahasiswas/_form.html.erb (283.9ms)
  Rendered mahasiswas/new.html.erb within layouts/application (285.5ms)
Completed 500 Internal Server Error in 289ms (ActiveRecord: 0.0ms)


  
ActionView::Template::Error (undefined method `date' for #<ActionView::Helpers::FormBuilder:0x00007f805b520bb0>):
    23: 
    24:   <div class="form group">
    25:     <%= form.label :tanggal %>
    26:     <%= form.date :tanggal, class: "datepicker" %>
    27:   </div>
    28: 
    29:   <div class="actions">
  
app/views/mahasiswas/_form.html.erb:26:in `block in _app_views_mahasiswas__form_html_erb__4221635587865880705_70094632291680'
app/views/mahasiswas/_form.html.erb:1:in `_app_views_mahasiswas__form_html_erb__4221635587865880705_70094632291680'
app/views/mahasiswas/new.html.erb:3:in `_app_views_mahasiswas_new_html_erb___3048969601911802464_70094632256420'
Started GET "/mahasiswas/new" for 127.0.0.1 at 2018-11-16 22:35:14 +0700
  [1m[35m (0.9ms)[0m  [1m[34mSELECT "schema_migrations"."version" FROM "schema_migrations" ORDER BY "schema_migrations"."version" ASC[0m
  ↳ /home/ndp/.rvm/gems/ruby-2.5.1/gems/activerecord-5.2.1/lib/active_record/log_subscriber.rb:98
Processing by MahasiswasController#new as HTML
  Rendering mahasiswas/new.html.erb within layouts/application
  Rendered mahasiswas/_form.html.erb (10.8ms)
  Rendered mahasiswas/new.html.erb within layouts/application (12.7ms)
Completed 200 OK in 410ms (Views: 374.1ms | ActiveRecord: 4.5ms)


Started GET "/mahasiswas" for 127.0.0.1 at 2018-11-16 22:35:21 +0700
Processing by MahasiswasController#index as HTML
  Rendering mahasiswas/index.html.erb within layouts/application
  [1m[36mMahasiswa Load (0.7ms)[0m  [1m[34mSELECT "mahasiswas".* FROM "mahasiswas"[0m
  ↳ app/views/mahasiswas/index.html.erb:14
  Rendered mahasiswas/index.html.erb within layouts/application (3.6ms)
Completed 200 OK in 56ms (Views: 54.3ms | ActiveRecord: 0.7ms)


Started GET "/mahasiswas/new" for 127.0.0.1 at 2018-11-16 22:35:46 +0700
Processing by MahasiswasController#new as HTML
  Rendering mahasiswas/new.html.erb within layouts/application
  Rendered mahasiswas/_form.html.erb (6.0ms)
  Rendered mahasiswas/new.html.erb within layouts/application (8.7ms)
Completed 200 OK in 82ms (Views: 79.6ms | ActiveRecord: 0.0ms)


Started GET "/mahasiswas" for 127.0.0.1 at 2018-11-16 22:36:54 +0700
Processing by MahasiswasController#index as HTML
  Rendering mahasiswas/index.html.erb within layouts/application
  [1m[36mMahasiswa Load (0.4ms)[0m  [1m[34mSELECT "mahasiswas".* FROM "mahasiswas"[0m
  ↳ app/views/mahasiswas/index.html.erb:14
  Rendered mahasiswas/index.html.erb within layouts/application (3.0ms)
Completed 200 OK in 82ms (Views: 80.7ms | ActiveRecord: 0.4ms)


Started GET "/mahasiswas/new" for 127.0.0.1 at 2018-11-16 22:36:56 +0700
Processing by MahasiswasController#new as HTML
  Rendering mahasiswas/new.html.erb within layouts/application
  Rendered mahasiswas/_form.html.erb (5.1ms)
  Rendered mahasiswas/new.html.erb within layouts/application (6.6ms)
Completed 200 OK in 70ms (Views: 67.8ms | ActiveRecord: 0.0ms)


Started GET "/mahasiswas/new" for 127.0.0.1 at 2018-11-16 22:38:00 +0700
Processing by MahasiswasController#new as HTML
  Rendering mahasiswas/new.html.erb within layouts/application
  Rendered mahasiswas/_form.html.erb (3.7ms)
  Rendered mahasiswas/new.html.erb within layouts/application (4.9ms)
Completed 200 OK in 61ms (Views: 60.2ms | ActiveRecord: 0.0ms)


Started GET "/mahasiswas/" for 127.0.0.1 at 2018-11-16 22:38:04 +0700
Processing by MahasiswasController#index as HTML
  Rendering mahasiswas/index.html.erb within layouts/application
  [1m[36mMahasiswa Load (3.4ms)[0m  [1m[34mSELECT "mahasiswas".* FROM "mahasiswas"[0m
  ↳ app/views/mahasiswas/index.html.erb:14
  Rendered mahasiswas/index.html.erb within layouts/application (5.9ms)
Completed 200 OK in 79ms (Views: 74.6ms | ActiveRecord: 3.4ms)


Started GET "/mahasiswas/new" for 127.0.0.1 at 2018-11-16 22:38:07 +0700
Processing by MahasiswasController#new as HTML
  Rendering mahasiswas/new.html.erb within layouts/application
  Rendered mahasiswas/_form.html.erb (4.2ms)
  Rendered mahasiswas/new.html.erb within layouts/application (5.6ms)
Completed 200 OK in 64ms (Views: 62.3ms | ActiveRecord: 0.0ms)


Started POST "/mahasiswas" for 127.0.0.1 at 2018-11-16 22:42:12 +0700
Processing by MahasiswasController#create as HTML
  Parameters: {"utf8"=>"✓", "authenticity_token"=>"G4Iv4nIRzHHALgHsp9Tn0TrGOAbVW6Ob/LgMvQvqztIBcVC/BANWskbsZ/vXr8pcqZdYFya2x9NDgQ3YwYd+AQ==", "mahasiswa"=>{"nama"=>"Anggi", "alamat"=>"polisi tidur", "tanggal(1i)"=>"2016", "tanggal(2i)"=>"6", "tanggal(3i)"=>"28"}, "commit"=>"Create Mahasiswa"}
  [1m[35m (0.2ms)[0m  [1m[35mBEGIN[0m
  ↳ app/controllers/mahasiswas_controller.rb:30
  [1m[36mMahasiswa Create (68.7ms)[0m  [1m[32mINSERT INTO "mahasiswas" ("nama", "alamat", "tanggal", "created_at", "updated_at") VALUES ($1, $2, $3, $4, $5) RETURNING "id"[0m  [["nama", "Anggi"], ["alamat", "polisi tidur"], ["tanggal", "2016-06-28"], ["created_at", "2018-11-16 15:42:12.101541"], ["updated_at", "2018-11-16 15:42:12.101541"]]
  ↳ app/controllers/mahasiswas_controller.rb:30
  [1m[35m (18.1ms)[0m  [1m[35mCOMMIT[0m
  ↳ app/controllers/mahasiswas_controller.rb:30
Redirected to http://localhost:3000/mahasiswas/2
Completed 302 Found in 93ms (ActiveRecord: 87.0ms)


Started GET "/mahasiswas/2" for 127.0.0.1 at 2018-11-16 22:42:12 +0700
Processing by MahasiswasController#show as HTML
  Parameters: {"id"=>"2"}
  [1m[36mMahasiswa Load (0.3ms)[0m  [1m[34mSELECT  "mahasiswas".* FROM "mahasiswas" WHERE "mahasiswas"."id" = $1 LIMIT $2[0m  [["id", 2], ["LIMIT", 1]]
  ↳ app/controllers/mahasiswas_controller.rb:67
  Rendering mahasiswas/show.html.erb within layouts/application
  Rendered mahasiswas/show.html.erb within layouts/application (0.8ms)
Completed 200 OK in 95ms (Views: 68.6ms | ActiveRecord: 0.5ms)


Started GET "/mahasiswas" for 127.0.0.1 at 2018-11-16 22:42:26 +0700
Processing by MahasiswasController#index as HTML
  Rendering mahasiswas/index.html.erb within layouts/application
  [1m[36mMahasiswa Load (1.7ms)[0m  [1m[34mSELECT "mahasiswas".* FROM "mahasiswas"[0m
  ↳ app/views/mahasiswas/index.html.erb:14
  Rendered mahasiswas/index.html.erb within layouts/application (5.3ms)
Completed 200 OK in 70ms (Views: 67.4ms | ActiveRecord: 1.7ms)


Started GET "/mahasiswas" for 127.0.0.1 at 2018-11-16 22:44:37 +0700
Processing by MahasiswasController#index as HTML
  Rendering mahasiswas/index.html.erb within layouts/application
  [1m[36mMahasiswa Load (0.5ms)[0m  [1m[34mSELECT "mahasiswas".* FROM "mahasiswas"[0m
  ↳ app/views/mahasiswas/index.html.erb:14
  Rendered mahasiswas/index.html.erb within layouts/application (3.4ms)
Completed 200 OK in 69ms (Views: 67.4ms | ActiveRecord: 0.5ms)


Started GET "/mahasiswas" for 127.0.0.1 at 2018-11-16 22:44:39 +0700
Processing by MahasiswasController#index as HTML
  Rendering mahasiswas/index.html.erb within layouts/application
  [1m[36mMahasiswa Load (0.5ms)[0m  [1m[34mSELECT "mahasiswas".* FROM "mahasiswas"[0m
  ↳ app/views/mahasiswas/index.html.erb:14
  Rendered mahasiswas/index.html.erb within layouts/application (3.8ms)
Completed 200 OK in 82ms (Views: 80.1ms | ActiveRecord: 0.5ms)


Started GET "/mahasiswas/new" for 127.0.0.1 at 2018-11-16 22:44:41 +0700
Processing by MahasiswasController#new as HTML
  Rendering mahasiswas/new.html.erb within layouts/application
  Rendered mahasiswas/_form.html.erb (5.7ms)
  Rendered mahasiswas/new.html.erb within layouts/application (7.2ms)
Completed 200 OK in 88ms (Views: 86.8ms | ActiveRecord: 0.0ms)


Started POST "/mahasiswas" for 127.0.0.1 at 2018-11-16 22:44:54 +0700
Processing by MahasiswasController#create as HTML
  Parameters: {"utf8"=>"✓", "authenticity_token"=>"aZ+PDgeISWyjQRgm53oJejPY2mysLu3C4dxGkl46vvdzbPBTcZrTryWDfjGXAST3oIm6fV/DiYpe5Uf3lFcOJA==", "mahasiswa"=>{"nama"=>"apaan tuh", "alamat"=>"pojok kiri", "tanggal(1i)"=>"2018", "tanggal(2i)"=>"11", "tanggal(3i)"=>"16"}, "commit"=>"Create Mahasiswa"}
  [1m[35m (0.2ms)[0m  [1m[35mBEGIN[0m
  ↳ app/controllers/mahasiswas_controller.rb:30
  [1m[36mMahasiswa Create (0.6ms)[0m  [1m[32mINSERT INTO "mahasiswas" ("nama", "alamat", "tanggal", "created_at", "updated_at") VALUES ($1, $2, $3, $4, $5) RETURNING "id"[0m  [["nama", "apaan tuh"], ["alamat", "pojok kiri"], ["tanggal", "2018-11-16"], ["created_at", "2018-11-16 15:44:54.578025"], ["updated_at", "2018-11-16 15:44:54.578025"]]
  ↳ app/controllers/mahasiswas_controller.rb:30
  [1m[35m (14.4ms)[0m  [1m[35mCOMMIT[0m
  ↳ app/controllers/mahasiswas_controller.rb:30
Redirected to http://localhost:3000/mahasiswas/3
Completed 302 Found in 23ms (ActiveRecord: 15.1ms)


Started GET "/mahasiswas/3" for 127.0.0.1 at 2018-11-16 22:44:54 +0700
Processing by MahasiswasController#show as HTML
  Parameters: {"id"=>"3"}
  [1m[36mMahasiswa Load (0.4ms)[0m  [1m[34mSELECT  "mahasiswas".* FROM "mahasiswas" WHERE "mahasiswas"."id" = $1 LIMIT $2[0m  [["id", 3], ["LIMIT", 1]]
  ↳ app/controllers/mahasiswas_controller.rb:67
  Rendering mahasiswas/show.html.erb within layouts/application
  Rendered mahasiswas/show.html.erb within layouts/application (0.9ms)
Completed 200 OK in 68ms (Views: 65.1ms | ActiveRecord: 0.4ms)


Started GET "/mahasiswas" for 127.0.0.1 at 2018-11-16 22:44:58 +0700
Processing by MahasiswasController#index as HTML
  Rendering mahasiswas/index.html.erb within layouts/application
  [1m[36mMahasiswa Load (0.4ms)[0m  [1m[34mSELECT "mahasiswas".* FROM "mahasiswas"[0m
  ↳ app/views/mahasiswas/index.html.erb:14
  Rendered mahasiswas/index.html.erb within layouts/application (7.7ms)
Completed 200 OK in 60ms (Views: 58.6ms | ActiveRecord: 0.4ms)


Started GET "/mahasiswas" for 127.0.0.1 at 2018-11-16 22:45:25 +0700
Processing by MahasiswasController#index as HTML
  Rendering mahasiswas/index.html.erb within layouts/application
  [1m[36mMahasiswa Load (0.5ms)[0m  [1m[34mSELECT "mahasiswas".* FROM "mahasiswas"[0m
  ↳ app/views/mahasiswas/index.html.erb:14
  Rendered mahasiswas/index.html.erb within layouts/application (3.9ms)
Completed 200 OK in 62ms (Views: 60.4ms | ActiveRecord: 0.5ms)


Started GET "/mahasiswas/1" for 127.0.0.1 at 2018-11-16 22:45:32 +0700
Processing by MahasiswasController#show as HTML
  Parameters: {"id"=>"1"}
  [1m[36mMahasiswa Load (0.3ms)[0m  [1m[34mSELECT  "mahasiswas".* FROM "mahasiswas" WHERE "mahasiswas"."id" = $1 LIMIT $2[0m  [["id", 1], ["LIMIT", 1]]
  ↳ app/controllers/mahasiswas_controller.rb:67
  Rendering mahasiswas/show.html.erb within layouts/application
  Rendered mahasiswas/show.html.erb within layouts/application (1.1ms)
Completed 200 OK in 62ms (Views: 60.0ms | ActiveRecord: 0.3ms)


Started GET "/mahasiswas/1" for 127.0.0.1 at 2018-11-16 22:46:20 +0700
Processing by MahasiswasController#show as HTML
  Parameters: {"id"=>"1"}
  [1m[36mMahasiswa Load (0.3ms)[0m  [1m[34mSELECT  "mahasiswas".* FROM "mahasiswas" WHERE "mahasiswas"."id" = $1 LIMIT $2[0m  [["id", 1], ["LIMIT", 1]]
  ↳ app/controllers/mahasiswas_controller.rb:67
  Rendering mahasiswas/show.html.erb within layouts/application
  Rendered mahasiswas/show.html.erb within layouts/application (1.1ms)
Completed 200 OK in 79ms (Views: 76.7ms | ActiveRecord: 0.3ms)


Started GET "/mahasiswas/1" for 127.0.0.1 at 2018-11-16 22:46:20 +0700
Processing by MahasiswasController#show as HTML
  Parameters: {"id"=>"1"}
  [1m[36mMahasiswa Load (0.5ms)[0m  [1m[34mSELECT  "mahasiswas".* FROM "mahasiswas" WHERE "mahasiswas"."id" = $1 LIMIT $2[0m  [["id", 1], ["LIMIT", 1]]
  ↳ app/controllers/mahasiswas_controller.rb:67
  Rendering mahasiswas/show.html.erb within layouts/application
  Rendered mahasiswas/show.html.erb within layouts/application (1.0ms)
Completed 200 OK in 64ms (Views: 60.7ms | ActiveRecord: 0.5ms)


Started GET "/mahasiswas/1" for 127.0.0.1 at 2018-11-16 22:46:22 +0700
Processing by MahasiswasController#show as HTML
  Parameters: {"id"=>"1"}
  [1m[36mMahasiswa Load (0.4ms)[0m  [1m[34mSELECT  "mahasiswas".* FROM "mahasiswas" WHERE "mahasiswas"."id" = $1 LIMIT $2[0m  [["id", 1], ["LIMIT", 1]]
  ↳ app/controllers/mahasiswas_controller.rb:67
  Rendering mahasiswas/show.html.erb within layouts/application
  Rendered mahasiswas/show.html.erb within layouts/application (1.3ms)
Completed 200 OK in 61ms (Views: 58.3ms | ActiveRecord: 0.4ms)


Started GET "/mahasiswas" for 127.0.0.1 at 2018-11-16 22:46:24 +0700
Processing by MahasiswasController#index as HTML
  Rendering mahasiswas/index.html.erb within layouts/application
  [1m[36mMahasiswa Load (0.4ms)[0m  [1m[34mSELECT "mahasiswas".* FROM "mahasiswas"[0m
  ↳ app/views/mahasiswas/index.html.erb:14
  Rendered mahasiswas/index.html.erb within layouts/application (3.6ms)
Completed 200 OK in 65ms (Views: 63.0ms | ActiveRecord: 0.4ms)


Started GET "/mahasiswas" for 127.0.0.1 at 2018-11-16 22:48:26 +0700
Processing by MahasiswasController#index as HTML
  Rendering mahasiswas/index.html.erb within layouts/application
  [1m[36mMahasiswa Load (0.8ms)[0m  [1m[34mSELECT "mahasiswas".* FROM "mahasiswas"[0m
  ↳ app/views/mahasiswas/index.html.erb:14
  Rendered mahasiswas/index.html.erb within layouts/application (4.8ms)
Completed 200 OK in 75ms (Views: 72.5ms | ActiveRecord: 0.8ms)


Started GET "/mahasiswas/1" for 127.0.0.1 at 2018-11-16 22:48:30 +0700
Processing by MahasiswasController#show as HTML
  Parameters: {"id"=>"1"}
  [1m[36mMahasiswa Load (0.5ms)[0m  [1m[34mSELECT  "mahasiswas".* FROM "mahasiswas" WHERE "mahasiswas"."id" = $1 LIMIT $2[0m  [["id", 1], ["LIMIT", 1]]
  ↳ app/controllers/mahasiswas_controller.rb:67
  Rendering mahasiswas/show.html.erb within layouts/application
  Rendered mahasiswas/show.html.erb within layouts/application (1.2ms)
Completed 200 OK in 75ms (Views: 72.4ms | ActiveRecord: 0.5ms)


Started GET "/mahasiswas/1" for 127.0.0.1 at 2018-11-16 22:48:54 +0700
Processing by MahasiswasController#show as HTML
  Parameters: {"id"=>"1"}
  [1m[36mMahasiswa Load (0.4ms)[0m  [1m[34mSELECT  "mahasiswas".* FROM "mahasiswas" WHERE "mahasiswas"."id" = $1 LIMIT $2[0m  [["id", 1], ["LIMIT", 1]]
  ↳ app/controllers/mahasiswas_controller.rb:67
  Rendering mahasiswas/show.html.erb within layouts/application
  Rendered mahasiswas/show.html.erb within layouts/application (1.1ms)
Completed 200 OK in 67ms (Views: 64.2ms | ActiveRecord: 0.4ms)


Started GET "/mahasiswas" for 127.0.0.1 at 2018-11-16 22:48:58 +0700
Processing by MahasiswasController#index as HTML
  Rendering mahasiswas/index.html.erb within layouts/application
  [1m[36mMahasiswa Load (0.5ms)[0m  [1m[34mSELECT "mahasiswas".* FROM "mahasiswas"[0m
  ↳ app/views/mahasiswas/index.html.erb:14
  Rendered mahasiswas/index.html.erb within layouts/application (3.7ms)
Completed 200 OK in 75ms (Views: 72.9ms | ActiveRecord: 0.5ms)


Started GET "/mahasiswas/1/edit" for 127.0.0.1 at 2018-11-16 22:49:02 +0700
Processing by MahasiswasController#edit as HTML
  Parameters: {"id"=>"1"}
  [1m[36mMahasiswa Load (0.6ms)[0m  [1m[34mSELECT  "mahasiswas".* FROM "mahasiswas" WHERE "mahasiswas"."id" = $1 LIMIT $2[0m  [["id", 1], ["LIMIT", 1]]
  ↳ app/controllers/mahasiswas_controller.rb:67
  Rendering mahasiswas/edit.html.erb within layouts/application
  Rendered mahasiswas/_form.html.erb (3.7ms)
  Rendered mahasiswas/edit.html.erb within layouts/application (5.6ms)
Completed 200 OK in 69ms (Views: 65.8ms | ActiveRecord: 0.6ms)


